<?xml version="1.0" encoding="UTF-8"?>
<!-- Generated by org.testng.reporters.JUnitReportReporter -->
<testsuite hostname="dhi-ymyageri" failures="0" tests="2" name="Academy.HomePage" time="48.987" errors="0" timestamp="2021-09-19T09:51:02 IST" skipped="0">
  <testcase classname="Academy.HomePage" name="basePageNavigation" time="5.173"/>
  <system-out/>
  <testcase classname="Academy.HomePage" name="basePageNavigation" time="43.814"/>
  <system-out/>
</testsuite> <!-- Academy.HomePage -->
